<?xml version="1.0" encoding="UTF-8"?><testsuite errors="1" failures="0" name="Cart Operations" skipped="0" tests="1" time="0.21" timestamp="2022-03-09 08:16:38"><testcase name="create a new user and add the product to the cart"><error message="Failed to invoke public void dafiti.stepdefinitions.CartStepDefinitions.thatHasOpenedTheAppDafiti(net.serenitybdd.screenplay.Actor)" type="io.cucumber.core.backend.CucumberBackendException">Failed to invoke public void dafiti.stepdefinitions.CartStepDefinitions.thatHasOpenedTheAppDafiti(net.serenitybdd.screenplay.Actor)</error><system-err>Failed to invoke public void dafiti.stepdefinitions.CartStepDefinitions.thatHasOpenedTheAppDafiti(net.serenitybdd.screenplay.Actor)&#13;
io.cucumber.java.Invoker.doInvoke(Invoker.java:68)&#13;
io.cucumber.java.Invoker.invoke(Invoker.java:24)&#13;
io.cucumber.java.AbstractGlueDefinition.invokeMethod(AbstractGlueDefinition.java:47)&#13;
io.cucumber.java.JavaStepDefinition.execute(JavaStepDefinition.java:29)&#13;
io.cucumber.core.runner.CoreStepDefinition.execute(CoreStepDefinition.java:66)&#13;
io.cucumber.core.runner.PickleStepDefinitionMatch.runStep(PickleStepDefinitionMatch.java:63)&#13;
io.cucumber.core.runner.TestStep.executeStep(TestStep.java:92)&#13;
io.cucumber.core.runner.TestStep.run(TestStep.java:64)&#13;
io.cucumber.core.runner.PickleStepTestStep.run(PickleStepTestStep.java:51)&#13;
io.cucumber.core.runner.TestCase.run(TestCase.java:104)&#13;
io.cucumber.core.runner.Runner.runPickle(Runner.java:73)&#13;
io.cucumber.junit.FeatureRunner.runChild(FeatureRunner.java:135)&#13;
io.cucumber.junit.FeatureRunner.runChild(FeatureRunner.java:27)&#13;
io.cucumber.junit.CucumberSerenityRunner.runChild(CucumberSerenityRunner.java:235)&#13;
io.cucumber.junit.CucumberSerenityRunner.runChild(CucumberSerenityRunner.java:54)&#13;
</system-err></testcase></testsuite>